# JRE version: Java(TM) SE Runtime Environment (8.0_111-b14) (build 1.8.0_111-b14)
# Java VM: Java HotSpot(TM) 64-Bit Server VM (25.111-b14 mixed mode windows-amd64 compressed oops)
Heap:
 PSYoungGen      total 333824K, used 53150K [0x000000076b200000, 0x0000000784c80000, 0x00000007c0000000)
  eden space 270336K, 0% used [0x000000076b200000,0x000000076b200000,0x000000077ba00000)
  from space 63488K, 83% used [0x000000077ff80000,0x0000000783367b58,0x0000000783d80000)
  to   space 71168K, 0% used [0x000000077ba00000,0x000000077ba00000,0x000000077ff80000)
 ParOldGen       total 175104K, used 170292K [0x00000006c1600000, 0x00000006cc100000, 0x000000076b200000)
  object space 175104K, 97% used [0x00000006c1600000,0x00000006cbc4d048,0x00000006cc100000)
 Metaspace       used 9768K, capacity 10020K, committed 10240K, reserved 1058816K
  class space    used 1177K, capacity 1252K, committed 1280K, reserved 1048576K
GC Heap History (10 events):
Event: 2.595 GC heap after
Heap after GC invocations=8 (full 0):
 PSYoungGen      total 133632K, used 16373K [0x000000076b200000, 0x0000000775b00000, 0x00000007c0000000)
  eden space 117248K, 0% used [0x000000076b200000,0x000000076b200000,0x0000000772480000)
  from space 16384K, 99% used [0x0000000773c00000,0x0000000774bfd7a0,0x0000000774c00000)
  to   space 24064K, 0% used [0x0000000772480000,0x0000000772480000,0x0000000773c00000)
 ParOldGen       total 175104K, used 31398K [0x00000006c1600000, 0x00000006cc100000, 0x000000076b200000)
  object space 175104K, 17% used [0x00000006c1600000,0x00000006c34a9930,0x00000006cc100000)
 Metaspace       used 9768K, capacity 10020K, committed 10240K, reserved 1058816K
  class space    used 1177K, capacity 1252K, committed 1280K, reserved 1048576K
}
Event: 2.691 GC heap before
{Heap before GC invocations=9 (full 0):
 PSYoungGen      total 133632K, used 133621K [0x000000076b200000, 0x0000000775b00000, 0x00000007c0000000)
  eden space 117248K, 100% used [0x000000076b200000,0x0000000772480000,0x0000000772480000)
  from space 16384K, 99% used [0x0000000773c00000,0x0000000774bfd7a0,0x0000000774c00000)
  to   space 24064K, 0% used [0x0000000772480000,0x0000000772480000,0x0000000773c00000)
 ParOldGen       total 175104K, used 31398K [0x00000006c1600000, 0x00000006cc100000, 0x000000076b200000)
  object space 175104K, 17% used [0x00000006c1600000,0x00000006c34a9930,0x00000006cc100000)
 Metaspace       used 9768K, capacity 10020K, committed 10240K, reserved 1058816K
  class space    used 1177K, capacity 1252K, committed 1280K, reserved 1048576K
Event: 2.724 GC heap after
Heap after GC invocations=9 (full 0):
 PSYoungGen      total 141312K, used 24032K [0x000000076b200000, 0x000000077b780000, 0x00000007c0000000)
  eden space 117248K, 0% used [0x000000076b200000,0x000000076b200000,0x0000000772480000)
  from space 24064K, 99% used [0x0000000772480000,0x0000000773bf8368,0x0000000773c00000)
  to   space 39936K, 0% used [0x0000000779080000,0x0000000779080000,0x000000077b780000)
 ParOldGen       total 175104K, used 59244K [0x00000006c1600000, 0x00000006cc100000, 0x000000076b200000)
  object space 175104K, 33% used [0x00000006c1600000,0x00000006c4fdb048,0x00000006cc100000)
 Metaspace       used 9768K, capacity 10020K, committed 10240K, reserved 1058816K
  class space    used 1177K, capacity 1252K, committed 1280K, reserved 1048576K
}
Event: 2.822 GC heap before
{Heap before GC invocations=10 (full 0):
 PSYoungGen      total 141312K, used 141280K [0x000000076b200000, 0x000000077b780000, 0x00000007c0000000)
  eden space 117248K, 100% used [0x000000076b200000,0x0000000772480000,0x0000000772480000)
  from space 24064K, 99% used [0x0000000772480000,0x0000000773bf8368,0x0000000773c00000)
  to   space 39936K, 0% used [0x0000000779080000,0x0000000779080000,0x000000077b780000)
 ParOldGen       total 175104K, used 59244K [0x00000006c1600000, 0x00000006cc100000, 0x000000076b200000)
  object space 175104K, 33% used [0x00000006c1600000,0x00000006c4fdb048,0x00000006cc100000)
 Metaspace       used 9768K, capacity 10020K, committed 10240K, reserved 1058816K
  class space    used 1177K, capacity 1252K, committed 1280K, reserved 1048576K
Event: 2.857 GC heap after
Heap after GC invocations=10 (full 0):
 PSYoungGen      total 213504K, used 39921K [0x000000076b200000, 0x000000077d380000, 0x00000007c0000000)
  eden space 173568K, 0% used [0x000000076b200000,0x000000076b200000,0x0000000775b80000)
  from space 39936K, 99% used [0x0000000779080000,0x000000077b77c518,0x000000077b780000)
  to   space 54272K, 0% used [0x0000000775b80000,0x0000000775b80000,0x0000000779080000)
 ParOldGen       total 175104K, used 78596K [0x00000006c1600000, 0x00000006cc100000, 0x000000076b200000)
  object space 175104K, 44% used [0x00000006c1600000,0x00000006c62c1048,0x00000006cc100000)
 Metaspace       used 9768K, capacity 10020K, committed 10240K, reserved 1058816K
  class space    used 1177K, capacity 1252K, committed 1280K, reserved 1048576K
}
Event: 2.986 GC heap before
{Heap before GC invocations=11 (full 0):
 PSYoungGen      total 213504K, used 213489K [0x000000076b200000, 0x000000077d380000, 0x00000007c0000000)
  eden space 173568K, 100% used [0x000000076b200000,0x0000000775b80000,0x0000000775b80000)
  from space 39936K, 99% used [0x0000000779080000,0x000000077b77c518,0x000000077b780000)
  to   space 54272K, 0% used [0x0000000775b80000,0x0000000775b80000,0x0000000779080000)
 ParOldGen       total 175104K, used 78596K [0x00000006c1600000, 0x00000006cc100000, 0x000000076b200000)
  object space 175104K, 44% used [0x00000006c1600000,0x00000006c62c1048,0x00000006cc100000)
 Metaspace       used 9768K, capacity 10020K, committed 10240K, reserved 1058816K
  class space    used 1177K, capacity 1252K, committed 1280K, reserved 1048576K
Event: 3.046 GC heap after
Heap after GC invocations=11 (full 0):
 PSYoungGen      total 227840K, used 53097K [0x000000076b200000, 0x0000000783d80000, 0x00000007c0000000)
  eden space 173568K, 0% used [0x000000076b200000,0x000000076b200000,0x0000000775b80000)
  from space 54272K, 97% used [0x0000000775b80000,0x0000000778f5a798,0x0000000779080000)
  to   space 63488K, 0% used [0x000000077ff80000,0x000000077ff80000,0x0000000783d80000)
 ParOldGen       total 175104K, used 118076K [0x00000006c1600000, 0x00000006cc100000, 0x000000076b200000)
  object space 175104K, 67% used [0x00000006c1600000,0x00000006c894f048,0x00000006cc100000)
 Metaspace       used 9768K, capacity 10020K, committed 10240K, reserved 1058816K
  class space    used 1177K, capacity 1252K, committed 1280K, reserved 1048576K
}
Event: 3.150 GC heap before
{Heap before GC invocations=12 (full 0):
 PSYoungGen      total 227840K, used 226665K [0x000000076b200000, 0x0000000783d80000, 0x00000007c0000000)
  eden space 173568K, 100% used [0x000000076b200000,0x0000000775b80000,0x0000000775b80000)
  from space 54272K, 97% used [0x0000000775b80000,0x0000000778f5a798,0x0000000779080000)
  to   space 63488K, 0% used [0x000000077ff80000,0x000000077ff80000,0x0000000783d80000)
 ParOldGen       total 175104K, used 118076K [0x00000006c1600000, 0x00000006cc100000, 0x000000076b200000)
  object space 175104K, 67% used [0x00000006c1600000,0x00000006c894f048,0x00000006cc100000)
 Metaspace       used 9768K, capacity 10020K, committed 10240K, reserved 1058816K
  class space    used 1177K, capacity 1252K, committed 1280K, reserved 1048576K
Event: 3.217 GC heap after
Heap after GC invocations=12 (full 0):
 PSYoungGen      total 333824K, used 53150K [0x000000076b200000, 0x0000000784c80000, 0x00000007c0000000)
  eden space 270336K, 0% used [0x000000076b200000,0x000000076b200000,0x000000077ba00000)
  from space 63488K, 83% used [0x000000077ff80000,0x0000000783367b58,0x0000000783d80000)
  to   space 71168K, 0% used [0x000000077ba00000,0x000000077ba00000,0x000000077ff80000)
 ParOldGen       total 175104K, used 170292K [0x00000006c1600000, 0x00000006cc100000, 0x000000076b200000)
  object space 175104K, 97% used [0x00000006c1600000,0x00000006cbc4d048,0x00000006cc100000)
 Metaspace       used 9768K, capacity 10020K, committed 10240K, reserved 1058816K
  class space    used 1177K, capacity 1252K, committed 1280K, reserved 1048576K
}
Event: 3.217 GC heap before
{Heap before GC invocations=13 (full 1):
 PSYoungGen      total 333824K, used 53150K [0x000000076b200000, 0x0000000784c80000, 0x00000007c0000000)
  eden space 270336K, 0% used [0x000000076b200000,0x000000076b200000,0x000000077ba00000)
  from space 63488K, 83% used [0x000000077ff80000,0x0000000783367b58,0x0000000783d80000)
  to   space 71168K, 0% used [0x000000077ba00000,0x000000077ba00000,0x000000077ff80000)
 ParOldGen       total 175104K, used 170292K [0x00000006c1600000, 0x00000006cc100000, 0x000000076b200000)
  object space 175104K, 97% used [0x00000006c1600000,0x00000006cbc4d048,0x00000006cc100000)
 Metaspace       used 9768K, capacity 10020K, committed 10240K, reserved 1058816K
  class space    used 1177K, capacity 1252K, committed 1280K, reserved 1048576K

