# JRE version: Java(TM) SE Runtime Environment (8.0_111-b14) (build 1.8.0_111-b14)
# Java VM: Java HotSpot(TM) 64-Bit Server VM (25.111-b14 mixed mode windows-amd64 compressed oops)
Heap:
 PSYoungGen      total 562176K, used 562156K [0x000000076b200000, 0x00000007a4780000, 0x00000007c0000000)
  eden space 370688K, 100% used [0x000000076b200000,0x0000000781c00000,0x0000000781c00000)
  from space 191488K, 99% used [0x0000000791100000,0x000000079cbfb010,0x000000079cc00000)
  to   space 250880K, 65% used [0x0000000781c00000,0x000000078bce8010,0x0000000791100000)
 ParOldGen       total 946688K, used 698747K [0x00000006c1600000, 0x00000006fb280000, 0x000000076b200000)
  object space 946688K, 73% used [0x00000006c1600000,0x00000006ec060dd8,0x00000006fb280000)
 Metaspace       used 9896K, capacity 10180K, committed 10368K, reserved 1058816K
  class space    used 1189K, capacity 1284K, committed 1408K, reserved 1048576K
GC Heap History (10 events):
Event: 7.054 GC heap after
Heap after GC invocations=17 (full 2):
 PSYoungGen      total 465920K, used 122365K [0x000000076b200000, 0x0000000797900000, 0x00000007c0000000)
  eden space 343552K, 0% used [0x000000076b200000,0x000000076b200000,0x0000000780180000)
  from space 122368K, 99% used [0x0000000780180000,0x00000007878ff568,0x0000000787900000)
  to   space 164352K, 0% used [0x000000078d880000,0x000000078d880000,0x0000000797900000)
 ParOldGen       total 585216K, used 387186K [0x00000006c1600000, 0x00000006e5180000, 0x000000076b200000)
  object space 585216K, 66% used [0x00000006c1600000,0x00000006d901cb78,0x00000006e5180000)
 Metaspace       used 9780K, capacity 10020K, committed 10240K, reserved 1058816K
  class space    used 1177K, capacity 1252K, committed 1280K, reserved 1048576K
}
Event: 7.243 GC heap before
{Heap before GC invocations=18 (full 2):
 PSYoungGen      total 465920K, used 465917K [0x000000076b200000, 0x0000000797900000, 0x00000007c0000000)
  eden space 343552K, 100% used [0x000000076b200000,0x0000000780180000,0x0000000780180000)
  from space 122368K, 99% used [0x0000000780180000,0x00000007878ff568,0x0000000787900000)
  to   space 164352K, 0% used [0x000000078d880000,0x000000078d880000,0x0000000797900000)
 ParOldGen       total 585216K, used 387186K [0x00000006c1600000, 0x00000006e5180000, 0x000000076b200000)
  object space 585216K, 66% used [0x00000006c1600000,0x00000006d901cb78,0x00000006e5180000)
 Metaspace       used 9780K, capacity 10020K, committed 10240K, reserved 1058816K
  class space    used 1177K, capacity 1252K, committed 1280K, reserved 1048576K
Event: 7.362 GC heap after
Heap after GC invocations=18 (full 2):
 PSYoungGen      total 557056K, used 102368K [0x000000076b200000, 0x0000000798f00000, 0x00000007c0000000)
  eden space 392704K, 0% used [0x000000076b200000,0x000000076b200000,0x0000000783180000)
  from space 164352K, 62% used [0x000000078d880000,0x0000000793c78000,0x0000000797900000)
  to   space 171008K, 0% used [0x0000000783180000,0x0000000783180000,0x000000078d880000)
 ParOldGen       total 585216K, used 510080K [0x00000006c1600000, 0x00000006e5180000, 0x000000076b200000)
  object space 585216K, 87% used [0x00000006c1600000,0x00000006e08200e0,0x00000006e5180000)
 Metaspace       used 9780K, capacity 10020K, committed 10240K, reserved 1058816K
  class space    used 1177K, capacity 1252K, committed 1280K, reserved 1048576K
}
Event: 7.362 GC heap before
{Heap before GC invocations=19 (full 3):
 PSYoungGen      total 557056K, used 102368K [0x000000076b200000, 0x0000000798f00000, 0x00000007c0000000)
  eden space 392704K, 0% used [0x000000076b200000,0x000000076b200000,0x0000000783180000)
  from space 164352K, 62% used [0x000000078d880000,0x0000000793c78000,0x0000000797900000)
  to   space 171008K, 0% used [0x0000000783180000,0x0000000783180000,0x000000078d880000)
 ParOldGen       total 585216K, used 510080K [0x00000006c1600000, 0x00000006e5180000, 0x000000076b200000)
  object space 585216K, 87% used [0x00000006c1600000,0x00000006e08200e0,0x00000006e5180000)
 Metaspace       used 9780K, capacity 10020K, committed 10240K, reserved 1058816K
  class space    used 1177K, capacity 1252K, committed 1280K, reserved 1048576K
Event: 9.833 GC heap after
Heap after GC invocations=19 (full 3):
 PSYoungGen      total 557056K, used 23860K [0x000000076b200000, 0x0000000798f00000, 0x00000007c0000000)
  eden space 392704K, 0% used [0x000000076b200000,0x000000076b200000,0x0000000783180000)
  from space 164352K, 14% used [0x000000078d880000,0x000000078efcd210,0x0000000797900000)
  to   space 171008K, 0% used [0x0000000783180000,0x0000000783180000,0x000000078d880000)
 ParOldGen       total 946688K, used 585087K [0x00000006c1600000, 0x00000006fb280000, 0x000000076b200000)
  object space 946688K, 61% used [0x00000006c1600000,0x00000006e515fdc8,0x00000006fb280000)
 Metaspace       used 9780K, capacity 10020K, committed 10240K, reserved 1058816K
  class space    used 1177K, capacity 1252K, committed 1280K, reserved 1048576K
}
Event: 10.048 GC heap before
{Heap before GC invocations=20 (full 3):
 PSYoungGen      total 557056K, used 416564K [0x000000076b200000, 0x0000000798f00000, 0x00000007c0000000)
  eden space 392704K, 100% used [0x000000076b200000,0x0000000783180000,0x0000000783180000)
  from space 164352K, 14% used [0x000000078d880000,0x000000078efcd210,0x0000000797900000)
  to   space 171008K, 0% used [0x0000000783180000,0x0000000783180000,0x000000078d880000)
 ParOldGen       total 946688K, used 585087K [0x00000006c1600000, 0x00000006fb280000, 0x000000076b200000)
  object space 946688K, 61% used [0x00000006c1600000,0x00000006e515fdc8,0x00000006fb280000)
 Metaspace       used 9780K, capacity 10020K, committed 10240K, reserved 1058816K
  class space    used 1177K, capacity 1252K, committed 1280K, reserved 1048576K
Event: 10.169 GC heap after
Heap after GC invocations=20 (full 3):
 PSYoungGen      total 563712K, used 144940K [0x000000076b200000, 0x000000079cc00000, 0x00000007c0000000)
  eden space 392704K, 0% used [0x000000076b200000,0x000000076b200000,0x0000000783180000)
  from space 171008K, 84% used [0x0000000783180000,0x000000078bf0b010,0x000000078d880000)
  to   space 191488K, 0% used [0x0000000791100000,0x0000000791100000,0x000000079cc00000)
 ParOldGen       total 946688K, used 585087K [0x00000006c1600000, 0x00000006fb280000, 0x000000076b200000)
  object space 946688K, 61% used [0x00000006c1600000,0x00000006e515fdc8,0x00000006fb280000)
 Metaspace       used 9780K, capacity 10020K, committed 10240K, reserved 1058816K
  class space    used 1177K, capacity 1252K, committed 1280K, reserved 1048576K
}
Event: 10.401 GC heap before
{Heap before GC invocations=21 (full 3):
 PSYoungGen      total 563712K, used 537644K [0x000000076b200000, 0x000000079cc00000, 0x00000007c0000000)
  eden space 392704K, 100% used [0x000000076b200000,0x0000000783180000,0x0000000783180000)
  from space 171008K, 84% used [0x0000000783180000,0x000000078bf0b010,0x000000078d880000)
  to   space 191488K, 0% used [0x0000000791100000,0x0000000791100000,0x000000079cc00000)
 ParOldGen       total 946688K, used 585087K [0x00000006c1600000, 0x00000006fb280000, 0x000000076b200000)
  object space 946688K, 61% used [0x00000006c1600000,0x00000006e515fdc8,0x00000006fb280000)
 Metaspace       used 9780K, capacity 10020K, committed 10240K, reserved 1058816K
  class space    used 1177K, capacity 1252K, committed 1280K, reserved 1048576K
Event: 10.557 GC heap after
Heap after GC invocations=21 (full 3):
 PSYoungGen      total 562176K, used 191468K [0x000000076b200000, 0x00000007a4780000, 0x00000007c0000000)
  eden space 370688K, 0% used [0x000000076b200000,0x000000076b200000,0x0000000781c00000)
  from space 191488K, 99% used [0x0000000791100000,0x000000079cbfb010,0x000000079cc00000)
  to   space 250880K, 0% used [0x0000000781c00000,0x0000000781c00000,0x0000000791100000)
 ParOldGen       total 946688K, used 656655K [0x00000006c1600000, 0x00000006fb280000, 0x000000076b200000)
  object space 946688K, 69% used [0x00000006c1600000,0x00000006e9743dc8,0x00000006fb280000)
 Metaspace       used 9780K, capacity 10020K, committed 10240K, reserved 1058816K
  class space    used 1177K, capacity 1252K, committed 1280K, reserved 1048576K
}
Event: 69.805 GC heap before
{Heap before GC invocations=22 (full 3):
 PSYoungGen      total 562176K, used 562156K [0x000000076b200000, 0x00000007a4780000, 0x00000007c0000000)
  eden space 370688K, 100% used [0x000000076b200000,0x0000000781c00000,0x0000000781c00000)
  from space 191488K, 99% used [0x0000000791100000,0x000000079cbfb010,0x000000079cc00000)
  to   space 250880K, 0% used [0x0000000781c00000,0x0000000781c00000,0x0000000791100000)
 ParOldGen       total 946688K, used 656655K [0x00000006c1600000, 0x00000006fb280000, 0x000000076b200000)
  object space 946688K, 69% used [0x00000006c1600000,0x00000006e9743dc8,0x00000006fb280000)
 Metaspace       used 9896K, capacity 10180K, committed 10368K, reserved 1058816K
  class space    used 1189K, capacity 1284K, committed 1408K, reserved 1048576K

